0 info it worked if it ends with ok
1 verbose cli [ '/usr/local/bin/node',
1 verbose cli   '/usr/local/bin/npm',
1 verbose cli   'run',
1 verbose cli   'css-build' ]
2 info using npm@3.10.6
3 info using node@v6.3.1
4 verbose run-script [ 'precss-build', 'css-build', 'postcss-build' ]
5 info lifecycle app_name@0.0.1~precss-build: app_name@0.0.1
6 silly lifecycle app_name@0.0.1~precss-build: no script for precss-build, continuing
7 info lifecycle app_name@0.0.1~css-build: app_name@0.0.1
8 verbose lifecycle app_name@0.0.1~css-build: unsafe-perm in lifecycle true
9 verbose lifecycle app_name@0.0.1~css-build: PATH: /usr/local/lib/node_modules/npm/bin/node-gyp-bin:/Users/kino/work/frontProjectTemplate/node_modules/.bin:/usr/local/lib/node_modules/npm/bin/node-gyp-bin:/Users/kino/work/frontProjectTemplate/node_modules/.bin:/Users/kino/.phpenv/shims:/Users/kino/.phpenv/bin:/Users/kino/.phpenv/shims:/Users/kino/.composer/vendor/bin:/Users/kino/.phpenv/bin:/usr/local/Cellar/git/2.8.0:/Users/kino/go_appengine:/usr/local/Cellar/git/2.7.4/bin:/Applications/MAMP/bin/php/php5.6.2/bin:/usr/local/bin:/usr/local/bin:/usr/bin:/bin:/usr/sbin:/sbin:/usr/local/git/bin:/Users/kino/pear/bin
10 verbose lifecycle app_name@0.0.1~css-build: CWD: /Users/kino/work/frontProjectTemplate
11 silly lifecycle app_name@0.0.1~css-build: Args: [ '-c',
11 silly lifecycle   'node ./node_modules/.bin/stylus -w src/stylus/style.styl --out ./dist/css' ]
12 silly lifecycle app_name@0.0.1~css-build: Returned: code: 1  signal: null
13 info lifecycle app_name@0.0.1~css-build: Failed to exec css-build script
14 verbose stack Error: app_name@0.0.1 css-build: `node ./node_modules/.bin/stylus -w src/stylus/style.styl --out ./dist/css`
14 verbose stack Exit status 1
14 verbose stack     at EventEmitter.<anonymous> (/usr/local/lib/node_modules/npm/lib/utils/lifecycle.js:255:16)
14 verbose stack     at emitTwo (events.js:106:13)
14 verbose stack     at EventEmitter.emit (events.js:191:7)
14 verbose stack     at ChildProcess.<anonymous> (/usr/local/lib/node_modules/npm/lib/utils/spawn.js:40:14)
14 verbose stack     at emitTwo (events.js:106:13)
14 verbose stack     at ChildProcess.emit (events.js:191:7)
14 verbose stack     at maybeClose (internal/child_process.js:852:16)
14 verbose stack     at Process.ChildProcess._handle.onexit (internal/child_process.js:215:5)
15 verbose pkgid app_name@0.0.1
16 verbose cwd /Users/kino/work/frontProjectTemplate
17 error Darwin 15.6.0
18 error argv "/usr/local/bin/node" "/usr/local/bin/npm" "run" "css-build"
19 error node v6.3.1
20 error npm  v3.10.6
21 error code ELIFECYCLE
22 error app_name@0.0.1 css-build: `node ./node_modules/.bin/stylus -w src/stylus/style.styl --out ./dist/css`
22 error Exit status 1
23 error Failed at the app_name@0.0.1 css-build script 'node ./node_modules/.bin/stylus -w src/stylus/style.styl --out ./dist/css'.
23 error Make sure you have the latest version of node.js and npm installed.
23 error If you do, this is most likely a problem with the app_name package,
23 error not with npm itself.
23 error Tell the author that this fails on your system:
23 error     node ./node_modules/.bin/stylus -w src/stylus/style.styl --out ./dist/css
23 error You can get information on how to open an issue for this project with:
23 error     npm bugs app_name
23 error Or if that isn't available, you can get their info via:
23 error     npm owner ls app_name
23 error There is likely additional logging output above.
24 verbose exit [ 1, true ]
